<?xml version="1.0" encoding="UTF-8"?>
<!-- Generated by org.testng.reporters.JUnitReportReporter -->
<testsuite hostname="icoglabs-OptiPlex-7010" name="com.google.plus.tests.Accept_Calls" tests="3" failures="0" timestamp="16 Sep 2015 12:38:32 GMT" time="61.267" errors="1">
  <testcase name="checkUserSophia" time="0.029" classname="com.google.plus.tests.Accept_Calls"/>
  <testcase name="signInloadPage" time="24.265" classname="com.google.plus.tests.Accept_Calls"/>
  <testcase name="awaitChatMessage" time="36.973" classname="com.google.plus.tests.Accept_Calls">
    <error type="org.openqa.selenium.NoSuchWindowException" message="Window not found. The browser window may have been closed.
Command duration or timeout: 336 milliseconds
Build info: version: &#039;2.47.1&#039;, revision: &#039;unknown&#039;, time: &#039;2015-07-30 11:02:44&#039;
System info: host: &#039;icoglabs-OptiPlex-7010&#039;, ip: &#039;127.0.1.1&#039;, os.name: &#039;Linux&#039;, os.arch: &#039;amd64&#039;, os.version: &#039;3.13.0-61-generic&#039;, java.version: &#039;1.7.0_79&#039;
*** Element info: {Using=tag name, value=iframe}
Session ID: 90418270-2ab7-4d0b-bb2c-868cab45f8bd
Driver info: org.openqa.selenium.firefox.FirefoxDriver
Capabilities [{platform=LINUX, acceptSslCerts=true, javascriptEnabled=true, cssSelectorsEnabled=true, databaseEnabled=true, browserName=firefox, handlesAlerts=true, nativeEvents=false, webStorageEnabled=true, rotatable=false, locationContextEnabled=true, applicationCacheEnabled=true, takesScreenshot=true, version=39.0}]">
      <![CDATA[org.openqa.selenium.NoSuchWindowException: Window not found. The browser window may have been closed.
Command duration or timeout: 336 milliseconds
Build info: version: '2.47.1', revision: 'unknown', time: '2015-07-30 11:02:44'
System info: host: 'icoglabs-OptiPlex-7010', ip: '127.0.1.1', os.name: 'Linux', os.arch: 'amd64', os.version: '3.13.0-61-generic', java.version: '1.7.0_79'
*** Element info: {Using=tag name, value=iframe}
Session ID: 90418270-2ab7-4d0b-bb2c-868cab45f8bd
Driver info: org.openqa.selenium.firefox.FirefoxDriver
Capabilities [{platform=LINUX, acceptSslCerts=true, javascriptEnabled=true, cssSelectorsEnabled=true, databaseEnabled=true, browserName=firefox, handlesAlerts=true, nativeEvents=false, webStorageEnabled=true, rotatable=false, locationContextEnabled=true, applicationCacheEnabled=true, takesScreenshot=true, version=39.0}]
	at sun.reflect.NativeConstructorAccessorImpl.newInstance0(Native Method)
	at sun.reflect.NativeConstructorAccessorImpl.newInstance(NativeConstructorAccessorImpl.java:57)
	at sun.reflect.DelegatingConstructorAccessorImpl.newInstance(DelegatingConstructorAccessorImpl.java:45)
	at java.lang.reflect.Constructor.newInstance(Constructor.java:526)
	at org.openqa.selenium.remote.ErrorHandler.createThrowable(ErrorHandler.java:206)
	at org.openqa.selenium.remote.ErrorHandler.throwIfResponseFailed(ErrorHandler.java:158)
	at org.openqa.selenium.remote.RemoteWebDriver.execute(RemoteWebDriver.java:595)
	at org.openqa.selenium.remote.RemoteWebElement.execute(RemoteWebElement.java:273)
	at org.openqa.selenium.remote.RemoteWebElement.findElements(RemoteWebElement.java:192)
	at org.openqa.selenium.remote.RemoteWebElement.findElementsByTagName(RemoteWebElement.java:269)
	at org.openqa.selenium.By$ByTagName.findElements(By.java:324)
	at org.openqa.selenium.remote.RemoteWebElement.findElements(RemoteWebElement.java:168)
	at com.google.plus.tests.Accept_Calls.awaitChatMessage(Accept_Calls.java:141)
	at sun.reflect.NativeMethodAccessorImpl.invoke0(Native Method)
	at sun.reflect.NativeMethodAccessorImpl.invoke(NativeMethodAccessorImpl.java:57)
	at sun.reflect.DelegatingMethodAccessorImpl.invoke(DelegatingMethodAccessorImpl.java:43)
	at java.lang.reflect.Method.invoke(Method.java:606)
	at org.testng.internal.MethodInvocationHelper.invokeMethod(MethodInvocationHelper.java:85)
	at org.testng.internal.Invoker.invokeMethod(Invoker.java:639)
	at org.testng.internal.Invoker.invokeTestMethod(Invoker.java:816)
	at org.testng.internal.Invoker.invokeTestMethods(Invoker.java:1124)
	at org.testng.internal.TestMethodWorker.invokeTestMethods(TestMethodWorker.java:124)
	at org.testng.internal.TestMethodWorker.run(TestMethodWorker.java:108)
	at org.testng.TestRunner.privateRun(TestRunner.java:773)
	at org.testng.TestRunner.run(TestRunner.java:623)
	at org.testng.SuiteRunner.runTest(SuiteRunner.java:359)
	at org.testng.SuiteRunner.runSequentially(SuiteRunner.java:354)
	at org.testng.SuiteRunner.privateRun(SuiteRunner.java:312)
	at org.testng.SuiteRunner.run(SuiteRunner.java:261)
	at org.testng.SuiteRunnerWorker.runSuite(SuiteRunnerWorker.java:52)
	at org.testng.SuiteRunnerWorker.run(SuiteRunnerWorker.java:86)
	at org.testng.TestNG.runSuitesSequentially(TestNG.java:1185)
	at org.testng.TestNG.runSuitesLocally(TestNG.java:1110)
	at org.testng.TestNG.run(TestNG.java:1018)
	at org.testng.remote.RemoteTestNG.run(RemoteTestNG.java:112)
	at org.testng.remote.RemoteTestNG.initAndRun(RemoteTestNG.java:205)
	at org.testng.remote.RemoteTestNG.main(RemoteTestNG.java:176)
Caused by: org.openqa.selenium.NoSuchWindowException: Window not found. The browser window may have been closed.
Build info: version: '2.47.1', revision: 'unknown', time: '2015-07-30 11:02:44'
System info: host: 'icoglabs-OptiPlex-7010', ip: '127.0.1.1', os.name: 'Linux', os.arch: 'amd64', os.version: '3.13.0-61-generic', java.version: '1.7.0_79'
Driver info: driver.version: unknown
	at <anonymous class>.nsCommandProcessor.prototype.execute(file:///tmp/anonymous471168303364616664webdriver-profile/extensions/fxdriver@googlecode.com/components/command-processor.js:12711)
	at <anonymous class>.Dispatcher.executeAs/<(file:///tmp/anonymous471168303364616664webdriver-profile/extensions/fxdriver@googlecode.com/components/driver-component.js:9456)
	at <anonymous class>.Resource.prototype.handle(file:///tmp/anonymous471168303364616664webdriver-profile/extensions/fxdriver@googlecode.com/components/driver-component.js:9603)
	at <anonymous class>.Dispatcher.prototype.dispatch(file:///tmp/anonymous471168303364616664webdriver-profile/extensions/fxdriver@googlecode.com/components/driver-component.js:9550)
	at <anonymous class>.WebDriverServer/<.handle(file:///tmp/anonymous471168303364616664webdriver-profile/extensions/fxdriver@googlecode.com/components/driver-component.js:12497)
	at <anonymous class>.createHandlerFunc/<(file:///tmp/anonymous471168303364616664webdriver-profile/extensions/fxdriver@googlecode.com/components/httpd.js:2054)
	at <anonymous class>.ServerHandler.prototype.handleResponse(file:///tmp/anonymous471168303364616664webdriver-profile/extensions/fxdriver@googlecode.com/components/httpd.js:2387)
	at <anonymous class>.Connection.prototype.process(file:///tmp/anonymous471168303364616664webdriver-profile/extensions/fxdriver@googlecode.com/components/httpd.js:1223)
	at <anonymous class>.RequestReader.prototype._handleResponse(file:///tmp/anonymous471168303364616664webdriver-profile/extensions/fxdriver@googlecode.com/components/httpd.js:1677)
	at <anonymous class>.RequestReader.prototype._processBody(file:///tmp/anonymous471168303364616664webdriver-profile/extensions/fxdriver@googlecode.com/components/httpd.js:1525)
	at <anonymous class>.RequestReader.prototype.onInputStreamReady(file:///tmp/anonymous471168303364616664webdriver-profile/extensions/fxdriver@googlecode.com/components/httpd.js:1393)
]]>
    </error>
  </testcase> <!-- awaitChatMessage -->
</testsuite> <!-- com.google.plus.tests.Accept_Calls -->
